<?xml version="1.0" encoding="utf-8" standalone="no"?>
<test-results xmlns:xsi="http://www.w3.org/2001/XMLSchema-instance" xsi:noNamespaceSchemaLocation="nunit_schema_2.5.xsd" name="Pester" total="14" errors="0" failures="0" not-run="0" inconclusive="0" ignored="0" skipped="2" invalid="0" date="2021-04-08" time="14:08:50">
  <environment user-domain="PINNACLEBANCORP" clr-version="Unknown" os-version="10.0.19042" cwd="C:\temp\tests" platform="Microsoft Windows 10 Enterprise|C:\WINDOWS|\Device\Harddisk0\Partition3" user="dmjones" nunit-version="2.5.8.0" machine-name="041449604653" />
  <culture-info current-culture="en-US" current-uiculture="en-US" />
  <test-suite type="TestFixture" name="Pester" executed="True" result="Ignored" success="True" time="0.4883" asserts="0" description="Pester">
    <results>
      <test-suite type="TestFixture" name="C:\temp\tests\Manifest.tests.ps1" executed="True" result="Ignored" success="True" time="0.2292" asserts="0" description="C:\temp\tests\Manifest.tests.ps1">
        <results>
          <test-suite type="TestFixture" name="Module manifest" executed="True" result="Success" success="True" time="0.0889" asserts="0" description="Module manifest">
            <results>
              <test-suite type="TestFixture" name="Module manifest.Validation" executed="True" result="Success" success="True" time="0.063" asserts="0" description="Module manifest.Validation">
                <results>
                  <test-case description="Has a valid manifest" name="Module manifest.Validation.Has a valid manifest" time="0.0073" asserts="0" success="True" result="Success" executed="True" />
                  <test-case description="Has a valid name in the manifest" name="Module manifest.Validation.Has a valid name in the manifest" time="0.0022" asserts="0" success="True" result="Success" executed="True" />
                  <test-case description="Has a valid root module" name="Module manifest.Validation.Has a valid root module" time="0.0023" asserts="0" success="True" result="Success" executed="True" />
                  <test-case description="Has a valid version in the manifest" name="Module manifest.Validation.Has a valid version in the manifest" time="0.003" asserts="0" success="True" result="Success" executed="True" />
                  <test-case description="Has a valid description" name="Module manifest.Validation.Has a valid description" time="0.0019" asserts="0" success="True" result="Success" executed="True" />
                  <test-case description="Has a valid author" name="Module manifest.Validation.Has a valid author" time="0.0018" asserts="0" success="True" result="Success" executed="True" />
                  <test-case description="Has a valid guid" name="Module manifest.Validation.Has a valid guid" time="0.0029" asserts="0" success="True" result="Success" executed="True" />
                  <test-case description="Has a valid copyright" name="Module manifest.Validation.Has a valid copyright" time="0.0027" asserts="0" success="True" result="Success" executed="True" />
                  <test-case description="Has a valid version in the changelog" name="Module manifest.Validation.Has a valid version in the changelog" time="0.0027" asserts="0" success="True" result="Success" executed="True" />
                  <test-case description="Changelog and manifest versions are the same" name="Module manifest.Validation.Changelog and manifest versions are the same" time="0.0037" asserts="0" success="True" result="Success" executed="True" />
                </results>
              </test-suite>
            </results>
          </test-suite>
          <test-suite type="TestFixture" name="Git tagging" executed="True" result="Ignored" success="True" time="0.1192" asserts="0" description="Git tagging">
            <results>
              <test-case description="Is tagged with a valid version" name="Git tagging.Is tagged with a valid version" time="0.0052" asserts="0" success="False" result="Ignored" executed="False" />
              <test-case description="Matches manifest version" name="Git tagging.Matches manifest version" time="0.0011" asserts="0" success="False" result="Ignored" executed="False" />
            </results>
          </test-suite>
        </results>
      </test-suite>
      <test-suite type="TestFixture" name="C:\temp\tests\Meta.tests.ps1" executed="True" result="Success" success="True" time="0.2508" asserts="0" description="C:\temp\tests\Meta.tests.ps1">
        <results>
          <test-suite type="TestFixture" name="Text files formatting" executed="True" result="Success" success="True" time="0.0815" asserts="0" description="Text files formatting">
            <results>
              <test-suite type="TestFixture" name="Text files formatting.File encoding" executed="True" result="Success" success="True" time="0.0287" asserts="0" description="Text files formatting.File encoding">
                <results>
                  <test-case description="No text file uses Unicode/UTF-16 encoding" name="Text files formatting.File encoding.No text file uses Unicode/UTF-16 encoding" time="0.0051" asserts="0" success="True" result="Success" executed="True" />
                </results>
              </test-suite>
              <test-suite type="TestFixture" name="Text files formatting.Indentations" executed="True" result="Success" success="True" time="0.057" asserts="0" description="Text files formatting.Indentations">
                <results>
                  <test-case description="No text file use tabs for indentations" name="Text files formatting.Indentations.No text file use tabs for indentations" time="0.0041" asserts="0" success="True" result="Success" executed="True" />
                </results>
              </test-suite>
            </results>
          </test-suite>
        </results>
      </test-suite>
    </results>
  </test-suite>
</test-results>